[crosshar] device=cuda
[crosshar] corpus: 188888 windows, shape (188888, 120, 6)
begin data augmentation: method is channel_aug
data augumentation end
[crosshar] after channel_aug: 1133328 windows
Train Size: 906662, Vali Size: 113332, Test Size: 113334
[crosshar] train=906662 val=113332
mlm loss: ct loss=6:1
Epoch 1/90 : Train Loss 0.6785. lm loss 0.6785 nt loss 7.2957 | Val Loss 0.6362 lm loss 0.6362 nt loss 7.1055
Epoch 2/90 : Train Loss 0.6257. lm loss 0.6257 nt loss 7.3138 | Val Loss 0.6123 lm loss 0.6123 nt loss 7.0760
Epoch 3/90 : Train Loss 0.5929. lm loss 0.5929 nt loss 7.2842 | Val Loss 0.5723 lm loss 0.5723 nt loss 7.0114
Epoch 4/90 : Train Loss 0.5605. lm loss 0.5605 nt loss 7.2730 | Val Loss 0.5530 lm loss 0.5530 nt loss 7.0242
Epoch 5/90 : Train Loss 0.5496. lm loss 0.5496 nt loss 7.2728 | Val Loss 0.5483 lm loss 0.5483 nt loss 7.0437
Epoch 6/90 : Train Loss 0.5456. lm loss 0.5456 nt loss 7.2757 | Val Loss 0.5448 lm loss 0.5448 nt loss 6.9848
Epoch 7/90 : Train Loss 0.5427. lm loss 0.5427 nt loss 7.2697 | Val Loss 0.5411 lm loss 0.5411 nt loss 6.9101
Epoch 8/90 : Train Loss 0.5394. lm loss 0.5394 nt loss 7.2652 | Val Loss 0.5372 lm loss 0.5372 nt loss 6.8536
Epoch 9/90 : Train Loss 0.5372. lm loss 0.5372 nt loss 7.2681 | Val Loss 0.5357 lm loss 0.5357 nt loss 6.8382
Epoch 10/90 : Train Loss 0.5354. lm loss 0.5354 nt loss 7.2688 | Val Loss 0.5357 lm loss 0.5357 nt loss 6.8451
Epoch 11/90 : Train Loss 0.5342. lm loss 0.5342 nt loss 7.2707 | Val Loss 0.5328 lm loss 0.5328 nt loss 6.8294
Epoch 12/90 : Train Loss 0.5333. lm loss 0.5333 nt loss 7.2704 | Val Loss 0.5329 lm loss 0.5329 nt loss 6.8143
Epoch 13/90 : Train Loss 0.5327. lm loss 0.5327 nt loss 7.2709 | Val Loss 0.5322 lm loss 0.5322 nt loss 6.8136
Epoch 14/90 : Train Loss 0.5322. lm loss 0.5322 nt loss 7.2707 | Val Loss 0.5306 lm loss 0.5306 nt loss 6.7725
Epoch 15/90 : Train Loss 0.5312. lm loss 0.5312 nt loss 7.2700 | Val Loss 0.5299 lm loss 0.5299 nt loss 6.7339
Epoch 16/90 : Train Loss 0.5307. lm loss 0.5307 nt loss 7.2671 | Val Loss 0.5306 lm loss 0.5306 nt loss 6.7452
Epoch 17/90 : Train Loss 0.5306. lm loss 0.5306 nt loss 7.2669 | Val Loss 0.5298 lm loss 0.5298 nt loss 6.7281
Epoch 18/90 : Train Loss 0.5299. lm loss 0.5299 nt loss 7.2662 | Val Loss 0.5301 lm loss 0.5301 nt loss 6.6985
Epoch 19/90 : Train Loss 0.5298. lm loss 0.5298 nt loss 7.2669 | Val Loss 0.5302 lm loss 0.5302 nt loss 6.7018
Epoch 20/90 : Train Loss 0.5296. lm loss 0.5296 nt loss 7.2627 | Val Loss 0.5291 lm loss 0.5291 nt loss 6.7089
Epoch 21/90 : Train Loss 0.5289. lm loss 0.5289 nt loss 7.2629 | Val Loss 0.5298 lm loss 0.5298 nt loss 6.6906
Epoch 22/90 : Train Loss 0.5283. lm loss 0.5283 nt loss 7.2625 | Val Loss 0.5290 lm loss 0.5290 nt loss 6.7215
Epoch 23/90 : Train Loss 0.5287. lm loss 0.5287 nt loss 7.2631 | Val Loss 0.5287 lm loss 0.5287 nt loss 6.7344
Epoch 24/90 : Train Loss 0.5288. lm loss 0.5288 nt loss 7.2608 | Val Loss 0.5277 lm loss 0.5277 nt loss 6.7058
Epoch 25/90 : Train Loss 0.5280. lm loss 0.5280 nt loss 7.2596 | Val Loss 0.5282 lm loss 0.5282 nt loss 6.7288
Epoch 26/90 : Train Loss 0.5278. lm loss 0.5278 nt loss 7.2617 | Val Loss 0.5270 lm loss 0.5270 nt loss 6.7468
Epoch 27/90 : Train Loss 0.5273. lm loss 0.5273 nt loss 7.2612 | Val Loss 0.5259 lm loss 0.5259 nt loss 6.7515
Epoch 28/90 : Train Loss 0.5274. lm loss 0.5274 nt loss 7.2599 | Val Loss 0.5274 lm loss 0.5274 nt loss 6.7579
Epoch 29/90 : Train Loss 0.5274. lm loss 0.5274 nt loss 7.2619 | Val Loss 0.5273 lm loss 0.5273 nt loss 6.7686
Epoch 30/90 : Train Loss 0.5275. lm loss 0.5275 nt loss 7.2581 | Val Loss 0.5264 lm loss 0.5264 nt loss 6.7584
Epoch 31/90 : Train Loss 0.5272. lm loss 0.5272 nt loss 7.2571 | Val Loss 0.5250 lm loss 0.5250 nt loss 6.7601
Epoch 32/90 : Train Loss 0.5264. lm loss 0.5264 nt loss 7.2563 | Val Loss 0.5250 lm loss 0.5250 nt loss 6.8057
Epoch 33/90 : Train Loss 0.5262. lm loss 0.5262 nt loss 7.2571 | Val Loss 0.5267 lm loss 0.5267 nt loss 6.7655
Epoch 34/90 : Train Loss 0.5260. lm loss 0.5260 nt loss 7.2543 | Val Loss 0.5263 lm loss 0.5263 nt loss 6.7902
Epoch 35/90 : Train Loss 0.5256. lm loss 0.5256 nt loss 7.2560 | Val Loss 0.5249 lm loss 0.5249 nt loss 6.8112
Epoch 36/90 : Train Loss 0.5261. lm loss 0.5261 nt loss 7.2560 | Val Loss 0.5262 lm loss 0.5262 nt loss 6.7959
Epoch 37/90 : Train Loss 0.5260. lm loss 0.5260 nt loss 7.2536 | Val Loss 0.5258 lm loss 0.5258 nt loss 6.8016
Epoch 38/90 : Train Loss 0.5252. lm loss 0.5252 nt loss 7.2548 | Val Loss 0.5266 lm loss 0.5266 nt loss 6.7990
Epoch 39/90 : Train Loss 0.5250. lm loss 0.5250 nt loss 7.2551 | Val Loss 0.5245 lm loss 0.5245 nt loss 6.8135
Epoch 40/90 : Train Loss 0.5246. lm loss 0.5246 nt loss 7.2528 | Val Loss 0.5237 lm loss 0.5237 nt loss 6.8174
Epoch 41/90 : Train Loss 0.5254. lm loss 0.5254 nt loss 7.2521 | Val Loss 0.5250 lm loss 0.5250 nt loss 6.8414
Epoch 42/90 : Train Loss 0.5245. lm loss 0.5245 nt loss 7.2525 | Val Loss 0.5244 lm loss 0.5244 nt loss 6.8248
Epoch 43/90 : Train Loss 0.5248. lm loss 0.5248 nt loss 7.2521 | Val Loss 0.5235 lm loss 0.5235 nt loss 6.8536
Epoch 44/90 : Train Loss 0.5246. lm loss 0.5246 nt loss 7.2515 | Val Loss 0.5243 lm loss 0.5243 nt loss 6.8845
Epoch 45/90 : Train Loss 0.5247. lm loss 0.5247 nt loss 7.2519 | Val Loss 0.5267 lm loss 0.5267 nt loss 6.8421
Epoch 46/90 : Train Loss 0.5244. lm loss 0.5244 nt loss 7.2521 | Val Loss 0.5250 lm loss 0.5250 nt loss 6.8811
Epoch 47/90 : Train Loss 0.5238. lm loss 0.5238 nt loss 7.2554 | Val Loss 0.5260 lm loss 0.5260 nt loss 6.8872
Epoch 48/90 : Train Loss 0.5246. lm loss 0.5246 nt loss 7.2543 | Val Loss 0.5237 lm loss 0.5237 nt loss 6.9161
Epoch 49/90 : Train Loss 0.5243. lm loss 0.5243 nt loss 7.2543 | Val Loss 0.5247 lm loss 0.5247 nt loss 6.8705
Epoch 50/90 : Train Loss 0.5237. lm loss 0.5237 nt loss 7.2535 | Val Loss 0.5233 lm loss 0.5233 nt loss 6.8982
Epoch 51/90 : Train Loss 0.5238. lm loss 0.5238 nt loss 7.2552 | Val Loss 0.5254 lm loss 0.5254 nt loss 6.8890
Epoch 52/90 : Train Loss 0.5230. lm loss 0.5230 nt loss 7.2535 | Val Loss 0.5241 lm loss 0.5241 nt loss 6.8633
Epoch 53/90 : Train Loss 0.5236. lm loss 0.5236 nt loss 7.2561 | Val Loss 0.5238 lm loss 0.5238 nt loss 6.8850
Epoch 54/90 : Train Loss 0.5234. lm loss 0.5234 nt loss 7.2558 | Val Loss 0.5245 lm loss 0.5245 nt loss 6.8852
Epoch 55/90 : Train Loss 0.5235. lm loss 0.5235 nt loss 7.2545 | Val Loss 0.5221 lm loss 0.5221 nt loss 6.8639
Epoch 56/90 : Train Loss 0.5233. lm loss 0.5233 nt loss 7.2570 | Val Loss 0.5211 lm loss 0.5211 nt loss 6.8455
Epoch 57/90 : Train Loss 0.5226. lm loss 0.5226 nt loss 7.2553 | Val Loss 0.5236 lm loss 0.5236 nt loss 6.8479
Epoch 58/90 : Train Loss 0.5230. lm loss 0.5230 nt loss 7.2539 | Val Loss 0.5224 lm loss 0.5224 nt loss 6.8441
Epoch 59/90 : Train Loss 0.5224. lm loss 0.5224 nt loss 7.2539 | Val Loss 0.5217 lm loss 0.5217 nt loss 6.8302
Epoch 60/90 : Train Loss 0.5223. lm loss 0.5223 nt loss 7.2552 | Val Loss 0.5225 lm loss 0.5225 nt loss 6.8262
Epoch 61/90 : Train Loss 6.9341. lm loss 0.5303 nt loss 3.7524 | Val Loss 6.8364 lm loss 0.5280 nt loss 3.6685
Epoch 62/90 : Train Loss 6.6749. lm loss 0.5264 nt loss 3.5168 | Val Loss 6.7631 lm loss 0.5272 nt loss 3.6001
Epoch 63/90 : Train Loss 6.6313. lm loss 0.5261 nt loss 3.4746 | Val Loss 6.6753 lm loss 0.5256 nt loss 3.5217
Epoch 64/90 : Train Loss 6.6052. lm loss 0.5260 nt loss 3.4495 | Val Loss 6.6249 lm loss 0.5242 nt loss 3.4800
Epoch 65/90 : Train Loss 6.5828. lm loss 0.5255 nt loss 3.4300 | Val Loss 6.6426 lm loss 0.5250 nt loss 3.4928
Epoch 66/90 : Train Loss 6.5675. lm loss 0.5261 nt loss 3.4110 | Val Loss 6.5981 lm loss 0.5242 nt loss 3.4529
Epoch 67/90 : Train Loss 6.5482. lm loss 0.5251 nt loss 3.3974 | Val Loss 6.5936 lm loss 0.5254 nt loss 3.4414
Epoch 68/90 : Train Loss 6.5412. lm loss 0.5257 nt loss 3.3870 | Val Loss 6.6035 lm loss 0.5259 nt loss 3.4479
Epoch 69/90 : Train Loss 6.5302. lm loss 0.5252 nt loss 3.3790 | Val Loss 6.5642 lm loss 0.5250 nt loss 3.4140
Epoch 70/90 : Train Loss 6.5178. lm loss 0.5244 nt loss 3.3716 | Val Loss 6.5618 lm loss 0.5244 nt loss 3.4157
Epoch 71/90 : Train Loss 6.5139. lm loss 0.5247 nt loss 3.3658 | Val Loss 6.5467 lm loss 0.5243 nt loss 3.4012
Epoch 72/90 : Train Loss 6.5115. lm loss 0.5252 nt loss 3.3604 | Val Loss 6.5332 lm loss 0.5244 nt loss 3.3868
Epoch 73/90 : Train Loss 6.5049. lm loss 0.5249 nt loss 3.3554 | Val Loss 6.5438 lm loss 0.5257 nt loss 3.3895
Epoch 74/90 : Train Loss 6.5026. lm loss 0.5252 nt loss 3.3514 | Val Loss 6.5315 lm loss 0.5254 nt loss 3.3790
Epoch 75/90 : Train Loss 6.4970. lm loss 0.5249 nt loss 3.3475 | Val Loss 6.5200 lm loss 0.5241 nt loss 3.3754
Epoch 76/90 : Train Loss 6.4908. lm loss 0.5244 nt loss 3.3446 | Val Loss 6.5298 lm loss 0.5242 nt loss 3.3847
Epoch 77/90 : Train Loss 6.4888. lm loss 0.5246 nt loss 3.3412 | Val Loss 6.5095 lm loss 0.5251 nt loss 3.3589
Epoch 78/90 : Train Loss 6.4846. lm loss 0.5245 nt loss 3.3377 | Val Loss 6.4962 lm loss 0.5234 nt loss 3.3560
Epoch 79/90 : Train Loss 6.4796. lm loss 0.5243 nt loss 3.3340 | Val Loss 6.5067 lm loss 0.5250 nt loss 3.3567
Epoch 80/90 : Train Loss 6.4769. lm loss 0.5243 nt loss 3.3311 | Val Loss 6.5123 lm loss 0.5239 nt loss 3.3689
Epoch 81/90 : Train Loss 6.4750. lm loss 0.5245 nt loss 3.3281 | Val Loss 6.4899 lm loss 0.5223 nt loss 3.3561
Epoch 82/90 : Train Loss 6.4718. lm loss 0.5244 nt loss 3.3254 | Val Loss 6.4935 lm loss 0.5245 nt loss 3.3467
Epoch 83/90 : Train Loss 6.4666. lm loss 0.5239 nt loss 3.3231 | Val Loss 6.5007 lm loss 0.5253 nt loss 3.3489
Epoch 84/90 : Train Loss 6.4652. lm loss 0.5240 nt loss 3.3214 | Val Loss 6.4939 lm loss 0.5250 nt loss 3.3440
Epoch 85/90 : Train Loss 6.4621. lm loss 0.5239 nt loss 3.3187 | Val Loss 6.4812 lm loss 0.5243 nt loss 3.3355
Epoch 86/90 : Train Loss 6.4598. lm loss 0.5239 nt loss 3.3167 | Val Loss 6.4869 lm loss 0.5242 nt loss 3.3418
Epoch 87/90 : Train Loss 6.4568. lm loss 0.5238 nt loss 3.3140 | Val Loss 6.4661 lm loss 0.5231 nt loss 3.3276
Epoch 88/90 : Train Loss 6.4570. lm loss 0.5241 nt loss 3.3123 | Val Loss 6.4569 lm loss 0.5235 nt loss 3.3157
Epoch 89/90 : Train Loss 6.4523. lm loss 0.5236 nt loss 3.3106 | Val Loss 6.4843 lm loss 0.5251 nt loss 3.3335
Epoch 90/90 : Train Loss 6.4499. lm loss 0.5234 nt loss 3.3092 | Val Loss 6.4593 lm loss 0.5233 nt loss 3.3193
The Total Epoch have been reached.
[crosshar] saved backbone -> /home/alex/code/HALO/halo/baselines/crosshar/crosshar_backbone.pt
