[limubert] device=cuda
[limubert] corpus: 188888 windows, shape (188888, 120, 6)
Train Size: 151110, Vali Size: 18888, Test Size: 18890
[limubert] train=151110 val=18888
Epoch 1/250 : Average Loss 0.3344. Test Loss 0.3184
Epoch 2/250 : Average Loss 0.3101. Test Loss 0.3008
Epoch 3/250 : Average Loss 0.2935. Test Loss 0.2897
Epoch 4/250 : Average Loss 0.2824. Test Loss 0.2856
Epoch 5/250 : Average Loss 0.2801. Test Loss 0.2832
Epoch 6/250 : Average Loss 0.2814. Test Loss 0.2769
Epoch 7/250 : Average Loss 0.2762. Test Loss 0.2724
Epoch 8/250 : Average Loss 0.2765. Test Loss 0.2669
Epoch 9/250 : Average Loss 0.2762. Test Loss 0.2796
Epoch 10/250 : Average Loss 0.2773. Test Loss 0.2792
Epoch 11/250 : Average Loss 0.2745. Test Loss 0.2703
Epoch 12/250 : Average Loss 0.2765. Test Loss 0.2582
Epoch 13/250 : Average Loss 0.2701. Test Loss 0.2694
Epoch 14/250 : Average Loss 0.2741. Test Loss 0.2798
Epoch 15/250 : Average Loss 0.2708. Test Loss 0.2678
Epoch 16/250 : Average Loss 0.2685. Test Loss 0.2747
Epoch 17/250 : Average Loss 0.2696. Test Loss 0.2640
Epoch 18/250 : Average Loss 0.2663. Test Loss 0.2597
Epoch 19/250 : Average Loss 0.2654. Test Loss 0.2631
Epoch 20/250 : Average Loss 0.2617. Test Loss 0.2654
Epoch 21/250 : Average Loss 0.2571. Test Loss 0.2503
Epoch 22/250 : Average Loss 0.2572. Test Loss 0.2549
Epoch 23/250 : Average Loss 0.2535. Test Loss 0.2529
Epoch 24/250 : Average Loss 0.2506. Test Loss 0.2423
Epoch 25/250 : Average Loss 0.2420. Test Loss 0.2431
Epoch 26/250 : Average Loss 0.2310. Test Loss 0.2230
Epoch 27/250 : Average Loss 0.2169. Test Loss 0.2109
Epoch 28/250 : Average Loss 0.2144. Test Loss 0.2160
Epoch 29/250 : Average Loss 0.2047. Test Loss 0.2099
Epoch 30/250 : Average Loss 0.1968. Test Loss 0.1992
Epoch 31/250 : Average Loss 0.1953. Test Loss 0.1962
Epoch 32/250 : Average Loss 0.1950. Test Loss 0.1876
Epoch 33/250 : Average Loss 0.1883. Test Loss 0.1817
Epoch 34/250 : Average Loss 0.1873. Test Loss 0.1917
Epoch 35/250 : Average Loss 0.1881. Test Loss 0.1831
Epoch 36/250 : Average Loss 0.1827. Test Loss 0.1950
Epoch 37/250 : Average Loss 0.1818. Test Loss 0.1789
Epoch 38/250 : Average Loss 0.1868. Test Loss 0.1869
Epoch 39/250 : Average Loss 0.1800. Test Loss 0.1753
Epoch 40/250 : Average Loss 0.1824. Test Loss 0.1770
Epoch 41/250 : Average Loss 0.1780. Test Loss 0.1802
Epoch 42/250 : Average Loss 0.1762. Test Loss 0.1772
Epoch 43/250 : Average Loss 0.1776. Test Loss 0.1822
Epoch 44/250 : Average Loss 0.1730. Test Loss 0.1810
Epoch 45/250 : Average Loss 0.1739. Test Loss 0.1757
Epoch 46/250 : Average Loss 0.1704. Test Loss 0.1765
Epoch 47/250 : Average Loss 0.1788. Test Loss 0.1729
Epoch 48/250 : Average Loss 0.1697. Test Loss 0.1696
Epoch 49/250 : Average Loss 0.1685. Test Loss 0.1722
Epoch 50/250 : Average Loss 0.1727. Test Loss 0.1648
Epoch 51/250 : Average Loss 0.1722. Test Loss 0.1733
Epoch 52/250 : Average Loss 0.1733. Test Loss 0.1707
Epoch 53/250 : Average Loss 0.1687. Test Loss 0.1646
Epoch 54/250 : Average Loss 0.1684. Test Loss 0.1671
Epoch 55/250 : Average Loss 0.1674. Test Loss 0.1762
Epoch 56/250 : Average Loss 0.1679. Test Loss 0.1658
Epoch 57/250 : Average Loss 0.1654. Test Loss 0.1682
Epoch 58/250 : Average Loss 0.1678. Test Loss 0.1601
Epoch 59/250 : Average Loss 0.1641. Test Loss 0.1670
Epoch 60/250 : Average Loss 0.1687. Test Loss 0.1669
Epoch 61/250 : Average Loss 0.1671. Test Loss 0.1732
Epoch 62/250 : Average Loss 0.1667. Test Loss 0.1650
Epoch 63/250 : Average Loss 0.1621. Test Loss 0.1576
Epoch 64/250 : Average Loss 0.1638. Test Loss 0.1692
Epoch 65/250 : Average Loss 0.1627. Test Loss 0.1639
Epoch 66/250 : Average Loss 0.1617. Test Loss 0.1660
Epoch 67/250 : Average Loss 0.1634. Test Loss 0.1626
Epoch 68/250 : Average Loss 0.1625. Test Loss 0.1657
Epoch 69/250 : Average Loss 0.1625. Test Loss 0.1656
Epoch 70/250 : Average Loss 0.1630. Test Loss 0.1592
Epoch 71/250 : Average Loss 0.1609. Test Loss 0.1605
Epoch 72/250 : Average Loss 0.1646. Test Loss 0.1615
Epoch 73/250 : Average Loss 0.1607. Test Loss 0.1712
Epoch 74/250 : Average Loss 0.1637. Test Loss 0.1615
Epoch 75/250 : Average Loss 0.1646. Test Loss 0.1638
Epoch 76/250 : Average Loss 0.1618. Test Loss 0.1552
Epoch 77/250 : Average Loss 0.1599. Test Loss 0.1593
Epoch 78/250 : Average Loss 0.1590. Test Loss 0.1555
Epoch 79/250 : Average Loss 0.1584. Test Loss 0.1568
Epoch 80/250 : Average Loss 0.1590. Test Loss 0.1553
Epoch 81/250 : Average Loss 0.1608. Test Loss 0.1587
Epoch 82/250 : Average Loss 0.1577. Test Loss 0.1613
Epoch 83/250 : Average Loss 0.1586. Test Loss 0.1627
Epoch 84/250 : Average Loss 0.1602. Test Loss 0.1582
Epoch 85/250 : Average Loss 0.1572. Test Loss 0.1516
Epoch 86/250 : Average Loss 0.1593. Test Loss 0.1576
Epoch 87/250 : Average Loss 0.1589. Test Loss 0.1602
Epoch 88/250 : Average Loss 0.1592. Test Loss 0.1577
Epoch 89/250 : Average Loss 0.1561. Test Loss 0.1582
Epoch 90/250 : Average Loss 0.1527. Test Loss 0.1548
Epoch 91/250 : Average Loss 0.1555. Test Loss 0.1562
Epoch 92/250 : Average Loss 0.1555. Test Loss 0.1534
Epoch 93/250 : Average Loss 0.1564. Test Loss 0.1668
Epoch 94/250 : Average Loss 0.1565. Test Loss 0.1525
Epoch 95/250 : Average Loss 0.1557. Test Loss 0.1512
Epoch 96/250 : Average Loss 0.1550. Test Loss 0.1470
Epoch 97/250 : Average Loss 0.1531. Test Loss 0.1621
Epoch 98/250 : Average Loss 0.1558. Test Loss 0.1551
Epoch 99/250 : Average Loss 0.1545. Test Loss 0.1505
Epoch 100/250 : Average Loss 0.1542. Test Loss 0.1612
Epoch 101/250 : Average Loss 0.1541. Test Loss 0.1572
Epoch 102/250 : Average Loss 0.1532. Test Loss 0.1491
Epoch 103/250 : Average Loss 0.1517. Test Loss 0.1536
Epoch 104/250 : Average Loss 0.1534. Test Loss 0.1584
Epoch 105/250 : Average Loss 0.1536. Test Loss 0.1527
Epoch 106/250 : Average Loss 0.1534. Test Loss 0.1491
Epoch 107/250 : Average Loss 0.1516. Test Loss 0.1584
Epoch 108/250 : Average Loss 0.1512. Test Loss 0.1504
Epoch 109/250 : Average Loss 0.1536. Test Loss 0.1529
Epoch 110/250 : Average Loss 0.1473. Test Loss 0.1483
Epoch 111/250 : Average Loss 0.1539. Test Loss 0.1511
Epoch 112/250 : Average Loss 0.1537. Test Loss 0.1490
Epoch 113/250 : Average Loss 0.1534. Test Loss 0.1525
Epoch 114/250 : Average Loss 0.1516. Test Loss 0.1509
Epoch 115/250 : Average Loss 0.1515. Test Loss 0.1542
Epoch 116/250 : Average Loss 0.1492. Test Loss 0.1592
Epoch 117/250 : Average Loss 0.1493. Test Loss 0.1445
Epoch 118/250 : Average Loss 0.1486. Test Loss 0.1467
Epoch 119/250 : Average Loss 0.1496. Test Loss 0.1545
Epoch 120/250 : Average Loss 0.1505. Test Loss 0.1510
Epoch 121/250 : Average Loss 0.1490. Test Loss 0.1525
Epoch 122/250 : Average Loss 0.1472. Test Loss 0.1484
Epoch 123/250 : Average Loss 0.1521. Test Loss 0.1506
Epoch 124/250 : Average Loss 0.1498. Test Loss 0.1535
Epoch 125/250 : Average Loss 0.1470. Test Loss 0.1459
Epoch 126/250 : Average Loss 0.1461. Test Loss 0.1495
Epoch 127/250 : Average Loss 0.1489. Test Loss 0.1483
Epoch 128/250 : Average Loss 0.1515. Test Loss 0.1543
Epoch 129/250 : Average Loss 0.1493. Test Loss 0.1483
Epoch 130/250 : Average Loss 0.1479. Test Loss 0.1517
Epoch 131/250 : Average Loss 0.1526. Test Loss 0.1490
Epoch 132/250 : Average Loss 0.1462. Test Loss 0.1540
Epoch 133/250 : Average Loss 0.1460. Test Loss 0.1425
Epoch 134/250 : Average Loss 0.1467. Test Loss 0.1451
Epoch 135/250 : Average Loss 0.1466. Test Loss 0.1465
Epoch 136/250 : Average Loss 0.1464. Test Loss 0.1449
Epoch 137/250 : Average Loss 0.1471. Test Loss 0.1514
Epoch 138/250 : Average Loss 0.1459. Test Loss 0.1505
Epoch 139/250 : Average Loss 0.1510. Test Loss 0.1495
Epoch 140/250 : Average Loss 0.1444. Test Loss 0.1455
Epoch 141/250 : Average Loss 0.1457. Test Loss 0.1496
Epoch 142/250 : Average Loss 0.1501. Test Loss 0.1551
Epoch 143/250 : Average Loss 0.1472. Test Loss 0.1452
Epoch 144/250 : Average Loss 0.1424. Test Loss 0.1438
Epoch 145/250 : Average Loss 0.1501. Test Loss 0.1434
Epoch 146/250 : Average Loss 0.1449. Test Loss 0.1596
Epoch 147/250 : Average Loss 0.1476. Test Loss 0.1483
Epoch 148/250 : Average Loss 0.1431. Test Loss 0.1454
Epoch 149/250 : Average Loss 0.1457. Test Loss 0.1452
Epoch 150/250 : Average Loss 0.1504. Test Loss 0.1587
Epoch 151/250 : Average Loss 0.1474. Test Loss 0.1494
Epoch 152/250 : Average Loss 0.1453. Test Loss 0.1502
Epoch 153/250 : Average Loss 0.1472. Test Loss 0.1477
Epoch 154/250 : Average Loss 0.1502. Test Loss 0.1547
Epoch 155/250 : Average Loss 0.1453. Test Loss 0.1433
Epoch 156/250 : Average Loss 0.1460. Test Loss 0.1469
Epoch 157/250 : Average Loss 0.1456. Test Loss 0.1482
Epoch 158/250 : Average Loss 0.1463. Test Loss 0.1489
Epoch 159/250 : Average Loss 0.1479. Test Loss 0.1448
Epoch 160/250 : Average Loss 0.1478. Test Loss 0.1502
Epoch 161/250 : Average Loss 0.1483. Test Loss 0.1493
Epoch 162/250 : Average Loss 0.1435. Test Loss 0.1399
Epoch 163/250 : Average Loss 0.1444. Test Loss 0.1375
Epoch 164/250 : Average Loss 0.1444. Test Loss 0.1379
Epoch 165/250 : Average Loss 0.1449. Test Loss 0.1531
Epoch 166/250 : Average Loss 0.1452. Test Loss 0.1488
Epoch 167/250 : Average Loss 0.1446. Test Loss 0.1450
Epoch 168/250 : Average Loss 0.1444. Test Loss 0.1516
Epoch 169/250 : Average Loss 0.1467. Test Loss 0.1540
Epoch 170/250 : Average Loss 0.1453. Test Loss 0.1428
Epoch 171/250 : Average Loss 0.1420. Test Loss 0.1402
Epoch 172/250 : Average Loss 0.1470. Test Loss 0.1453
Epoch 173/250 : Average Loss 0.1456. Test Loss 0.1504
Epoch 174/250 : Average Loss 0.1444. Test Loss 0.1419
Epoch 175/250 : Average Loss 0.1437. Test Loss 0.1455
Epoch 176/250 : Average Loss 0.1431. Test Loss 0.1454
Epoch 177/250 : Average Loss 0.1427. Test Loss 0.1419
Epoch 178/250 : Average Loss 0.1440. Test Loss 0.1419
Epoch 179/250 : Average Loss 0.1461. Test Loss 0.1511
Epoch 180/250 : Average Loss 0.1457. Test Loss 0.1554
Epoch 181/250 : Average Loss 0.1422. Test Loss 0.1450
Epoch 182/250 : Average Loss 0.1434. Test Loss 0.1401
Epoch 183/250 : Average Loss 0.1423. Test Loss 0.1384
Epoch 184/250 : Average Loss 0.1450. Test Loss 0.1462
Epoch 185/250 : Average Loss 0.1421. Test Loss 0.1375
Epoch 186/250 : Average Loss 0.1399. Test Loss 0.1474
Epoch 187/250 : Average Loss 0.1442. Test Loss 0.1483
Epoch 188/250 : Average Loss 0.1435. Test Loss 0.1440
Epoch 189/250 : Average Loss 0.1440. Test Loss 0.1463
Epoch 190/250 : Average Loss 0.1458. Test Loss 0.1578
Epoch 191/250 : Average Loss 0.1460. Test Loss 0.1417
Epoch 192/250 : Average Loss 0.1417. Test Loss 0.1416
Epoch 193/250 : Average Loss 0.1419. Test Loss 0.1451
Epoch 194/250 : Average Loss 0.1425. Test Loss 0.1428
Epoch 195/250 : Average Loss 0.1455. Test Loss 0.1436
Epoch 196/250 : Average Loss 0.1430. Test Loss 0.1474
Epoch 197/250 : Average Loss 0.1454. Test Loss 0.1429
Epoch 198/250 : Average Loss 0.1444. Test Loss 0.1505
Epoch 199/250 : Average Loss 0.1443. Test Loss 0.1359
Epoch 200/250 : Average Loss 0.1410. Test Loss 0.1445
Epoch 201/250 : Average Loss 0.1447. Test Loss 0.1433
Epoch 202/250 : Average Loss 0.1401. Test Loss 0.1384
Epoch 203/250 : Average Loss 0.1441. Test Loss 0.1393
Epoch 204/250 : Average Loss 0.1384. Test Loss 0.1403
Epoch 205/250 : Average Loss 0.1460. Test Loss 0.1424
Epoch 206/250 : Average Loss 0.1426. Test Loss 0.1493
Epoch 207/250 : Average Loss 0.1435. Test Loss 0.1431
Epoch 208/250 : Average Loss 0.1398. Test Loss 0.1430
Epoch 209/250 : Average Loss 0.1459. Test Loss 0.1413
Epoch 210/250 : Average Loss 0.1412. Test Loss 0.1363
Epoch 211/250 : Average Loss 0.1399. Test Loss 0.1321
Epoch 212/250 : Average Loss 0.1414. Test Loss 0.1446
Epoch 213/250 : Average Loss 0.1407. Test Loss 0.1434
Epoch 214/250 : Average Loss 0.1409. Test Loss 0.1457
Epoch 215/250 : Average Loss 0.1393. Test Loss 0.1500
Epoch 216/250 : Average Loss 0.1429. Test Loss 0.1425
Epoch 217/250 : Average Loss 0.1427. Test Loss 0.1556
Epoch 218/250 : Average Loss 0.1415. Test Loss 0.1434
Epoch 219/250 : Average Loss 0.1391. Test Loss 0.1313
Epoch 220/250 : Average Loss 0.1428. Test Loss 0.1454
Epoch 221/250 : Average Loss 0.1399. Test Loss 0.1374
Epoch 222/250 : Average Loss 0.1432. Test Loss 0.1449
Epoch 223/250 : Average Loss 0.1397. Test Loss 0.1390
Epoch 224/250 : Average Loss 0.1391. Test Loss 0.1421
Epoch 225/250 : Average Loss 0.1399. Test Loss 0.1396
Epoch 226/250 : Average Loss 0.1388. Test Loss 0.1462
Epoch 227/250 : Average Loss 0.1434. Test Loss 0.1511
Epoch 228/250 : Average Loss 0.1395. Test Loss 0.1418
Epoch 229/250 : Average Loss 0.1428. Test Loss 0.1473
Epoch 230/250 : Average Loss 0.1452. Test Loss 0.1394
Epoch 231/250 : Average Loss 0.1390. Test Loss 0.1448
Epoch 232/250 : Average Loss 0.1408. Test Loss 0.1370
Epoch 233/250 : Average Loss 0.1391. Test Loss 0.1372
Epoch 234/250 : Average Loss 0.1431. Test Loss 0.1425
Epoch 235/250 : Average Loss 0.1406. Test Loss 0.1456
Epoch 236/250 : Average Loss 0.1426. Test Loss 0.1469
Epoch 237/250 : Average Loss 0.1399. Test Loss 0.1402
Epoch 238/250 : Average Loss 0.1403. Test Loss 0.1389
Epoch 239/250 : Average Loss 0.1410. Test Loss 0.1365
Epoch 240/250 : Average Loss 0.1375. Test Loss 0.1411
Epoch 241/250 : Average Loss 0.1392. Test Loss 0.1439
Epoch 242/250 : Average Loss 0.1399. Test Loss 0.1420
Epoch 243/250 : Average Loss 0.1424. Test Loss 0.1411
Epoch 244/250 : Average Loss 0.1385. Test Loss 0.1374
Epoch 245/250 : Average Loss 0.1428. Test Loss 0.1374
Epoch 246/250 : Average Loss 0.1398. Test Loss 0.1428
Epoch 247/250 : Average Loss 0.1390. Test Loss 0.1401
Epoch 248/250 : Average Loss 0.1387. Test Loss 0.1335
Epoch 249/250 : Average Loss 0.1406. Test Loss 0.1391
Epoch 250/250 : Average Loss 0.1414. Test Loss 0.1415
The Total Epoch have been reached.
[limubert] saved backbone -> /home/alex/code/HALO/halo/baselines/limubert/limubert_backbone.pt
